<?xml version="1.0" encoding="UTF-8"?>
<testsuite name="com.bridgelabz.selenium.test.DbTesting" tests="5" skipped="0" failures="0" errors="0" timestamp="2021-06-28T16:59:23" hostname="DESKTOP-SS5TGEM" time="14.08">
  <properties/>
  <testcase name="get_table_data" classname="com.bridgelabz.selenium.test.DbTesting" time="0.139"/>
  <testcase name="insert_values_into_table" classname="com.bridgelabz.selenium.test.DbTesting" time="0.247"/>
  <testcase name="update_values_into_table" classname="com.bridgelabz.selenium.test.DbTesting" time="0.04"/>
  <testcase name="delete_row_from_table" classname="com.bridgelabz.selenium.test.DbTesting" time="0.031"/>
  <testcase name="db_Selenium" classname="com.bridgelabz.selenium.test.DbTesting" time="13.622"/>
  <system-out><![CDATA[/*************Records*************/
1 7756994045 Normal
2 Duke Normal
3 ramesh prime
/*************Records*************/
1 7756994045 Normal
2 Duke Normal
3 ramesh prime
4 Dianne prime
/*************Records*************/
1 7756994045 Normal
2 Duke Normal
3 ramesh prime
4 Dianne prime
/*************Records*************/
1 7756994045 Normal
2 Duke Normal
3 ramesh prime
4 Dianne prime
]]></system-out>
  <system-err><![CDATA[[Test worker] INFO io.github.bonigarcia.wdm.WebDriverManager - Using chromedriver 91.0.4472.101 (resolved driver for Chrome 91)
[Test worker] INFO io.github.bonigarcia.wdm.WebDriverManager - Exporting webdriver.chrome.driver as C:\Users\dell\.cache\selenium\chromedriver\win32\91.0.4472.101\chromedriver.exe
Starting ChromeDriver 91.0.4472.101 (af52a90bf87030dd1523486a1cd3ae25c5d76c9b-refs/branch-heads/4472@{#1462}) on port 4496
Only local connections are allowed.
Please see https://chromedriver.chromium.org/security-considerations for suggestions on keeping ChromeDriver safe.
ChromeDriver was started successfully.
Jun 28, 2021 10:29:25 PM org.openqa.selenium.remote.ProtocolHandshake createSession
INFO: Detected dialect: W3C
]]></system-err>
</testsuite>
